{
  "RSpec": {
    "coverage": {
      "/Users/stephentilley/projects/week10/gilded_rose/spec/gilded_rose_spec.rb": [
        1,
        null,
        1,
        null,
        1,
        1,
        1,
        1,
        1,
        null,
        null,
        null,
        1,
        null,
        1,
        4,
        4,
        null,
        null,
        1,
        1,
        null,
        null,
        1,
        1,
        null,
        null,
        1,
        1,
        5,
        null,
        1,
        null,
        null,
        1,
        1,
        2,
        null,
        1,
        null,
        null,
        null,
        1,
        null,
        1,
        2,
        2,
        null,
        null,
        1,
        1,
        null,
        null,
        1,
        1,
        null,
        null,
        null,
        1,
        null,
        1,
        6,
        null,
        null,
        null,
        null,
        6,
        null,
        null,
        1,
        1,
        null,
        null,
        1,
        1,
        null,
        null,
        1,
        1,
        null,
        null,
        1,
        1,
        null,
        null,
        1,
        1,
        null,
        null,
        1,
        1,
        null,
        null,
        null,
        null,
        1,
        null,
        1,
        4,
        4,
        null,
        null,
        1,
        1,
        null,
        null,
        1,
        1,
        null,
        null,
        1,
        1,
        null,
        null,
        1,
        1,
        null,
        null,
        null,
        null,
        null,
        null,
        1,
        1,
        1,
        1,
        1,
        null,
        null,
        null,
        null
      ],
      "/Users/stephentilley/projects/week10/gilded_rose/lib/gilded_rose.rb": [
        1,
        null,
        1,
        24,
        null,
        null,
        1,
        24,
        78,
        36,
        28,
        26,
        null,
        null,
        null,
        42,
        32,
        32,
        24,
        18,
        18,
        null,
        null,
        24,
        12,
        12,
        null,
        null,
        null,
        null,
        null,
        78,
        76,
        null,
        78,
        20,
        16,
        10,
        7,
        7,
        null,
        null,
        null,
        6,
        null,
        null,
        4,
        4,
        null,
        null,
        null,
        null,
        null,
        null,
        null,
        1,
        1,
        null,
        1,
        58,
        58,
        58,
        null,
        null,
        1,
        1,
        null,
        null
      ]
    },
    "timestamp": 1522151761
  }
}
